<?xml version="1.0" encoding="UTF-8"?>
<testsuite xmlns:xsi="http://www.w3.org/2001/XMLSchema-instance" xsi:noNamespaceSchemaLocation="https://maven.apache.org/surefire/maven-surefire-plugin/xsd/surefire-test-report.xsd" name="com.example.demo.QueryServiceTest" time="3.619" tests="4" errors="0" skipped="0" failures="0">
  <properties>
    <property name="sun.desktop" value="windows"/>
    <property name="awt.toolkit" value="sun.awt.windows.WToolkit"/>
    <property name="file.encoding.pkg" value="sun.io"/>
    <property name="java.specification.version" value="1.8"/>
    <property name="sun.cpu.isalist" value="amd64"/>
    <property name="sun.jnu.encoding" value="GBK"/>
    <property name="java.class.path" value="F:\sourcecode\query1\queryList\target\test-classes;F:\sourcecode\query1\queryList\target\classes;F:\project\repository\org\springframework\boot\spring-boot-devtools\2.2.10.RELEASE\spring-boot-devtools-2.2.10.RELEASE.jar;F:\project\repository\org\springframework\boot\spring-boot\2.2.10.RELEASE\spring-boot-2.2.10.RELEASE.jar;F:\project\repository\org\springframework\spring-context\5.2.9.RELEASE\spring-context-5.2.9.RELEASE.jar;F:\project\repository\org\springframework\spring-aop\5.2.9.RELEASE\spring-aop-5.2.9.RELEASE.jar;F:\project\repository\org\springframework\spring-beans\5.2.9.RELEASE\spring-beans-5.2.9.RELEASE.jar;F:\project\repository\org\springframework\spring-expression\5.2.9.RELEASE\spring-expression-5.2.9.RELEASE.jar;F:\project\repository\org\springframework\boot\spring-boot-autoconfigure\2.2.10.RELEASE\spring-boot-autoconfigure-2.2.10.RELEASE.jar;F:\project\repository\org\projectlombok\lombok\1.18.12\lombok-1.18.12.jar;F:\project\repository\org\springframework\boot\spring-boot-starter-test\2.2.10.RELEASE\spring-boot-starter-test-2.2.10.RELEASE.jar;F:\project\repository\org\springframework\boot\spring-boot-starter\2.2.10.RELEASE\spring-boot-starter-2.2.10.RELEASE.jar;F:\project\repository\org\springframework\boot\spring-boot-starter-logging\2.2.10.RELEASE\spring-boot-starter-logging-2.2.10.RELEASE.jar;F:\project\repository\ch\qos\logback\logback-classic\1.2.3\logback-classic-1.2.3.jar;F:\project\repository\ch\qos\logback\logback-core\1.2.3\logback-core-1.2.3.jar;F:\project\repository\org\apache\logging\log4j\log4j-to-slf4j\2.12.1\log4j-to-slf4j-2.12.1.jar;F:\project\repository\org\apache\logging\log4j\log4j-api\2.12.1\log4j-api-2.12.1.jar;F:\project\repository\org\slf4j\jul-to-slf4j\1.7.30\jul-to-slf4j-1.7.30.jar;F:\project\repository\jakarta\annotation\jakarta.annotation-api\1.3.5\jakarta.annotation-api-1.3.5.jar;F:\project\repository\org\yaml\snakeyaml\1.25\snakeyaml-1.25.jar;F:\project\repository\org\springframework\boot\spring-boot-test\2.2.10.RELEASE\spring-boot-test-2.2.10.RELEASE.jar;F:\project\repository\org\springframework\boot\spring-boot-test-autoconfigure\2.2.10.RELEASE\spring-boot-test-autoconfigure-2.2.10.RELEASE.jar;F:\project\repository\com\jayway\jsonpath\json-path\2.4.0\json-path-2.4.0.jar;F:\project\repository\net\minidev\json-smart\2.3\json-smart-2.3.jar;F:\project\repository\net\minidev\accessors-smart\1.2\accessors-smart-1.2.jar;F:\project\repository\org\ow2\asm\asm\5.0.4\asm-5.0.4.jar;F:\project\repository\org\slf4j\slf4j-api\1.7.30\slf4j-api-1.7.30.jar;F:\project\repository\jakarta\xml\bind\jakarta.xml.bind-api\2.3.3\jakarta.xml.bind-api-2.3.3.jar;F:\project\repository\jakarta\activation\jakarta.activation-api\1.2.2\jakarta.activation-api-1.2.2.jar;F:\project\repository\org\junit\jupiter\junit-jupiter\5.5.2\junit-jupiter-5.5.2.jar;F:\project\repository\org\junit\jupiter\junit-jupiter-api\5.5.2\junit-jupiter-api-5.5.2.jar;F:\project\repository\org\apiguardian\apiguardian-api\1.1.0\apiguardian-api-1.1.0.jar;F:\project\repository\org\opentest4j\opentest4j\1.2.0\opentest4j-1.2.0.jar;F:\project\repository\org\junit\platform\junit-platform-commons\1.5.2\junit-platform-commons-1.5.2.jar;F:\project\repository\org\junit\jupiter\junit-jupiter-params\5.5.2\junit-jupiter-params-5.5.2.jar;F:\project\repository\org\junit\jupiter\junit-jupiter-engine\5.5.2\junit-jupiter-engine-5.5.2.jar;F:\project\repository\org\junit\platform\junit-platform-engine\1.5.2\junit-platform-engine-1.5.2.jar;F:\project\repository\org\mockito\mockito-junit-jupiter\3.1.0\mockito-junit-jupiter-3.1.0.jar;F:\project\repository\org\assertj\assertj-core\3.13.2\assertj-core-3.13.2.jar;F:\project\repository\org\hamcrest\hamcrest\2.1\hamcrest-2.1.jar;F:\project\repository\org\mockito\mockito-core\3.1.0\mockito-core-3.1.0.jar;F:\project\repository\net\bytebuddy\byte-buddy\1.10.14\byte-buddy-1.10.14.jar;F:\project\repository\net\bytebuddy\byte-buddy-agent\1.10.14\byte-buddy-agent-1.10.14.jar;F:\project\repository\org\objenesis\objenesis\2.6\objenesis-2.6.jar;F:\project\repository\org\skyscreamer\jsonassert\1.5.0\jsonassert-1.5.0.jar;F:\project\repository\com\vaadin\external\google\android-json\0.0.20131108.vaadin1\android-json-0.0.20131108.vaadin1.jar;F:\project\repository\org\springframework\spring-core\5.2.9.RELEASE\spring-core-5.2.9.RELEASE.jar;F:\project\repository\org\springframework\spring-jcl\5.2.9.RELEASE\spring-jcl-5.2.9.RELEASE.jar;F:\project\repository\org\springframework\spring-test\5.2.9.RELEASE\spring-test-5.2.9.RELEASE.jar;F:\project\repository\org\xmlunit\xmlunit-core\2.6.4\xmlunit-core-2.6.4.jar;F:\project\repository\com\alibaba\fastjson\1.2.36\fastjson-1.2.36.jar;"/>
    <property name="java.vm.vendor" value="Oracle Corporation"/>
    <property name="sun.arch.data.model" value="64"/>
    <property name="user.variant" value=""/>
    <property name="java.vendor.url" value="http://java.oracle.com/"/>
    <property name="user.timezone" value="Asia/Shanghai"/>
    <property name="user.country.format" value="US"/>
    <property name="java.vm.specification.version" value="1.8"/>
    <property name="os.name" value="Windows 8.1"/>
    <property name="user.country" value="CN"/>
    <property name="sun.java.launcher" value="SUN_STANDARD"/>
    <property name="sun.boot.library.path" value="C:\Program Files\Java\jdk1.8.0_65\jre\bin"/>
    <property name="sun.java.command" value="C:\Users\lzb\AppData\Local\Temp\surefire2462911374997116759\surefirebooter5614446493139616796.jar C:\Users\lzb\AppData\Local\Temp\surefire2462911374997116759 2020-09-20T10-45-20_019-jvmRun1 surefire6090007583299052508tmp surefire_04884447728116289662tmp"/>
    <property name="surefire.test.class.path" value="F:\sourcecode\query1\queryList\target\test-classes;F:\sourcecode\query1\queryList\target\classes;F:\project\repository\org\springframework\boot\spring-boot-devtools\2.2.10.RELEASE\spring-boot-devtools-2.2.10.RELEASE.jar;F:\project\repository\org\springframework\boot\spring-boot\2.2.10.RELEASE\spring-boot-2.2.10.RELEASE.jar;F:\project\repository\org\springframework\spring-context\5.2.9.RELEASE\spring-context-5.2.9.RELEASE.jar;F:\project\repository\org\springframework\spring-aop\5.2.9.RELEASE\spring-aop-5.2.9.RELEASE.jar;F:\project\repository\org\springframework\spring-beans\5.2.9.RELEASE\spring-beans-5.2.9.RELEASE.jar;F:\project\repository\org\springframework\spring-expression\5.2.9.RELEASE\spring-expression-5.2.9.RELEASE.jar;F:\project\repository\org\springframework\boot\spring-boot-autoconfigure\2.2.10.RELEASE\spring-boot-autoconfigure-2.2.10.RELEASE.jar;F:\project\repository\org\projectlombok\lombok\1.18.12\lombok-1.18.12.jar;F:\project\repository\org\springframework\boot\spring-boot-starter-test\2.2.10.RELEASE\spring-boot-starter-test-2.2.10.RELEASE.jar;F:\project\repository\org\springframework\boot\spring-boot-starter\2.2.10.RELEASE\spring-boot-starter-2.2.10.RELEASE.jar;F:\project\repository\org\springframework\boot\spring-boot-starter-logging\2.2.10.RELEASE\spring-boot-starter-logging-2.2.10.RELEASE.jar;F:\project\repository\ch\qos\logback\logback-classic\1.2.3\logback-classic-1.2.3.jar;F:\project\repository\ch\qos\logback\logback-core\1.2.3\logback-core-1.2.3.jar;F:\project\repository\org\apache\logging\log4j\log4j-to-slf4j\2.12.1\log4j-to-slf4j-2.12.1.jar;F:\project\repository\org\apache\logging\log4j\log4j-api\2.12.1\log4j-api-2.12.1.jar;F:\project\repository\org\slf4j\jul-to-slf4j\1.7.30\jul-to-slf4j-1.7.30.jar;F:\project\repository\jakarta\annotation\jakarta.annotation-api\1.3.5\jakarta.annotation-api-1.3.5.jar;F:\project\repository\org\yaml\snakeyaml\1.25\snakeyaml-1.25.jar;F:\project\repository\org\springframework\boot\spring-boot-test\2.2.10.RELEASE\spring-boot-test-2.2.10.RELEASE.jar;F:\project\repository\org\springframework\boot\spring-boot-test-autoconfigure\2.2.10.RELEASE\spring-boot-test-autoconfigure-2.2.10.RELEASE.jar;F:\project\repository\com\jayway\jsonpath\json-path\2.4.0\json-path-2.4.0.jar;F:\project\repository\net\minidev\json-smart\2.3\json-smart-2.3.jar;F:\project\repository\net\minidev\accessors-smart\1.2\accessors-smart-1.2.jar;F:\project\repository\org\ow2\asm\asm\5.0.4\asm-5.0.4.jar;F:\project\repository\org\slf4j\slf4j-api\1.7.30\slf4j-api-1.7.30.jar;F:\project\repository\jakarta\xml\bind\jakarta.xml.bind-api\2.3.3\jakarta.xml.bind-api-2.3.3.jar;F:\project\repository\jakarta\activation\jakarta.activation-api\1.2.2\jakarta.activation-api-1.2.2.jar;F:\project\repository\org\junit\jupiter\junit-jupiter\5.5.2\junit-jupiter-5.5.2.jar;F:\project\repository\org\junit\jupiter\junit-jupiter-api\5.5.2\junit-jupiter-api-5.5.2.jar;F:\project\repository\org\apiguardian\apiguardian-api\1.1.0\apiguardian-api-1.1.0.jar;F:\project\repository\org\opentest4j\opentest4j\1.2.0\opentest4j-1.2.0.jar;F:\project\repository\org\junit\platform\junit-platform-commons\1.5.2\junit-platform-commons-1.5.2.jar;F:\project\repository\org\junit\jupiter\junit-jupiter-params\5.5.2\junit-jupiter-params-5.5.2.jar;F:\project\repository\org\junit\jupiter\junit-jupiter-engine\5.5.2\junit-jupiter-engine-5.5.2.jar;F:\project\repository\org\junit\platform\junit-platform-engine\1.5.2\junit-platform-engine-1.5.2.jar;F:\project\repository\org\mockito\mockito-junit-jupiter\3.1.0\mockito-junit-jupiter-3.1.0.jar;F:\project\repository\org\assertj\assertj-core\3.13.2\assertj-core-3.13.2.jar;F:\project\repository\org\hamcrest\hamcrest\2.1\hamcrest-2.1.jar;F:\project\repository\org\mockito\mockito-core\3.1.0\mockito-core-3.1.0.jar;F:\project\repository\net\bytebuddy\byte-buddy\1.10.14\byte-buddy-1.10.14.jar;F:\project\repository\net\bytebuddy\byte-buddy-agent\1.10.14\byte-buddy-agent-1.10.14.jar;F:\project\repository\org\objenesis\objenesis\2.6\objenesis-2.6.jar;F:\project\repository\org\skyscreamer\jsonassert\1.5.0\jsonassert-1.5.0.jar;F:\project\repository\com\vaadin\external\google\android-json\0.0.20131108.vaadin1\android-json-0.0.20131108.vaadin1.jar;F:\project\repository\org\springframework\spring-core\5.2.9.RELEASE\spring-core-5.2.9.RELEASE.jar;F:\project\repository\org\springframework\spring-jcl\5.2.9.RELEASE\spring-jcl-5.2.9.RELEASE.jar;F:\project\repository\org\springframework\spring-test\5.2.9.RELEASE\spring-test-5.2.9.RELEASE.jar;F:\project\repository\org\xmlunit\xmlunit-core\2.6.4\xmlunit-core-2.6.4.jar;F:\project\repository\com\alibaba\fastjson\1.2.36\fastjson-1.2.36.jar;"/>
    <property name="sun.cpu.endian" value="little"/>
    <property name="user.home" value="C:\Users\lzb"/>
    <property name="user.language" value="zh"/>
    <property name="java.specification.vendor" value="Oracle Corporation"/>
    <property name="java.home" value="C:\Program Files\Java\jdk1.8.0_65\jre"/>
    <property name="basedir" value="F:\sourcecode\query1\queryList"/>
    <property name="file.separator" value="\"/>
    <property name="line.separator" value="&#10;"/>
    <property name="java.vm.specification.vendor" value="Oracle Corporation"/>
    <property name="java.specification.name" value="Java Platform API Specification"/>
    <property name="java.awt.graphicsenv" value="sun.awt.Win32GraphicsEnvironment"/>
    <property name="surefire.real.class.path" value="C:\Users\lzb\AppData\Local\Temp\surefire2462911374997116759\surefirebooter5614446493139616796.jar;F:\\project\\repository\\org\\jacoco\\org.jacoco.agent\\0.7.5.201505241946\\org.jacoco.agent-0.7.5.201505241946-runtime.jar"/>
    <property name="sun.boot.class.path" value="C:\Program Files\Java\jdk1.8.0_65\jre\lib\resources.jar;C:\Program Files\Java\jdk1.8.0_65\jre\lib\rt.jar;C:\Program Files\Java\jdk1.8.0_65\jre\lib\sunrsasign.jar;C:\Program Files\Java\jdk1.8.0_65\jre\lib\jsse.jar;C:\Program Files\Java\jdk1.8.0_65\jre\lib\jce.jar;C:\Program Files\Java\jdk1.8.0_65\jre\lib\charsets.jar;C:\Program Files\Java\jdk1.8.0_65\jre\lib\jfr.jar;C:\Program Files\Java\jdk1.8.0_65\jre\classes"/>
    <property name="user.script" value=""/>
    <property name="sun.management.compiler" value="HotSpot 64-Bit Tiered Compilers"/>
    <property name="java.runtime.version" value="1.8.0_65-b17"/>
    <property name="user.name" value="lzb"/>
    <property name="path.separator" value=";"/>
    <property name="os.version" value="6.3"/>
    <property name="java.endorsed.dirs" value="C:\Program Files\Java\jdk1.8.0_65\jre\lib\endorsed"/>
    <property name="java.runtime.name" value="Java(TM) SE Runtime Environment"/>
    <property name="file.encoding" value="GBK"/>
    <property name="java.vm.name" value="Java HotSpot(TM) 64-Bit Server VM"/>
    <property name="localRepository" value="F:\project\repository"/>
    <property name="java.vendor.url.bug" value="http://bugreport.sun.com/bugreport/"/>
    <property name="java.io.tmpdir" value="C:\Users\lzb\AppData\Local\Temp\"/>
    <property name="java.version" value="1.8.0_65"/>
    <property name="user.dir" value="F:\sourcecode\query1\queryList"/>
    <property name="os.arch" value="amd64"/>
    <property name="java.vm.specification.name" value="Java Virtual Machine Specification"/>
    <property name="java.awt.printerjob" value="sun.awt.windows.WPrinterJob"/>
    <property name="user.language.format" value="en"/>
    <property name="sun.os.patch.level" value=""/>
    <property name="java.library.path" value="C:\Program Files\Java\jdk1.8.0_65\jre\bin;C:\WINDOWS\Sun\Java\bin;C:\WINDOWS\system32;C:\WINDOWS;C:\Program Files (x86)\Intel\iCLS Client\;C:\Program Files\Intel\iCLS Client\;C:\WINDOWS\system32;C:\WINDOWS;C:\WINDOWS\System32\Wbem;C:\WINDOWS\System32\WindowsPowerShell\v1.0\;C:\Program Files\Intel\Intel(R) Management Engine Components\DAL;C:\Program Files\Intel\Intel(R) Management Engine Components\IPT;C:\Program Files (x86)\Intel\Intel(R) Management Engine Components\DAL;C:\Program Files (x86)\Intel\Intel(R) Management Engine Components\IPT;C:\Program Files (x86)\Intel\OpenCL SDK\3.0\bin\x86;C:\Program Files (x86)\Intel\OpenCL SDK\3.0\bin\x64;C:\Program Files\Lenovo\Fingerprint Manager Pro\;C:\ProgramData\Lenovo\ReadyApps;C:\Program Files\TortoiseSVN\bin;D:\eclipse\plugins\org.apache.ant_1.8.2.v20120109-1030\\bin;C:\Program Files\Java\jdk1.8.0_65\bin;C:\Program Files (x86)\Windows Kits\8.1\Windows Performance Toolkit\;C:\Program Files\Microsoft SQL Server\110\Tools\Binn\;D:\Program Files (x86)\HP\Unified Functional Testing\bin;D:\jetspeed\db-derby-10.12.1.1\bin;F:\project\softe\apache-maven-3.6.3-bin\apache-maven-3.6.3\bin;D:\Program Files\Git\cmd;D:\gradle-4.9\bin;F:\project\softe\apache-maven-3.6.3-bin\apache-maven-3.6.3\bin;C:\Program Files\TortoiseGit\bin;."/>
    <property name="java.vm.info" value="mixed mode"/>
    <property name="java.vendor" value="Oracle Corporation"/>
    <property name="java.vm.version" value="25.65-b01"/>
    <property name="java.ext.dirs" value="C:\Program Files\Java\jdk1.8.0_65\jre\lib\ext;C:\WINDOWS\Sun\Java\lib\ext"/>
    <property name="sun.io.unicode.encoding" value="UnicodeLittle"/>
    <property name="java.class.version" value="52.0"/>
  </properties>
  <testcase name="TestOrderBy" classname="com.example.demo.QueryServiceTest" time="1.397"/>
  <testcase name="TestGroup" classname="com.example.demo.QueryServiceTest" time="1.435"/>
  <testcase name="TestQuery" classname="com.example.demo.QueryServiceTest" time="0.729"/>
  <testcase name="TestWhere" classname="com.example.demo.QueryServiceTest" time="0.01"/>
</testsuite>